<?xml version="1.0" encoding="UTF-8"?>
<coverage generated="1765172761618" clover="3.2.0">
  <project timestamp="1765172761619" name="All files">
    <metrics statements="21" coveredstatements="14" conditionals="8" coveredconditionals="2" methods="7" coveredmethods="3" elements="36" coveredelements="19" complexity="0" loc="21" ncloc="21" packages="2" files="3" classes="3"/>
    <package name="components">
      <metrics statements="20" coveredstatements="13" conditionals="8" coveredconditionals="2" methods="7" coveredmethods="3"/>
      <file name="Header.js" path="/Users/sivasankar/Downloads/Namaste React/namaste react/src/components/Header.js">
        <metrics statements="8" coveredstatements="7" conditionals="4" coveredconditionals="1" methods="3" coveredmethods="2"/>
        <line num="7" count="1" type="stmt"/>
        <line num="8" count="1" type="stmt"/>
        <line num="9" count="1" type="stmt"/>
        <line num="10" count="1" type="stmt"/>
        <line num="11" count="2" type="stmt"/>
        <line num="12" count="1" type="stmt"/>
        <line num="13" count="1" type="stmt"/>
        <line num="30" count="0" type="cond" truecount="0" falsecount="2"/>
      </file>
      <file name="RestaurantMenu.js" path="/Users/sivasankar/Downloads/Namaste React/namaste react/src/components/RestaurantMenu.js">
        <metrics statements="12" coveredstatements="6" conditionals="4" coveredconditionals="1" methods="4" coveredmethods="1"/>
        <line num="7" count="1" type="stmt"/>
        <line num="9" count="1" type="stmt"/>
        <line num="10" count="1" type="stmt"/>
        <line num="11" count="1" type="stmt"/>
        <line num="12" count="1" type="stmt"/>
        <line num="13" count="1" type="cond" truecount="1" falsecount="1"/>
        <line num="15" count="0" type="stmt"/>
        <line num="16" count="0" type="stmt"/>
        <line num="17" count="0" type="stmt"/>
        <line num="19" count="0" type="stmt"/>
        <line num="23" count="0" type="stmt"/>
        <line num="27" count="0" type="stmt"/>
      </file>
    </package>
    <package name="utils">
      <metrics statements="1" coveredstatements="1" conditionals="0" coveredconditionals="0" methods="0" coveredmethods="0"/>
      <file name="appStore.js" path="/Users/sivasankar/Downloads/Namaste React/namaste react/src/utils/appStore.js">
        <metrics statements="1" coveredstatements="1" conditionals="0" coveredconditionals="0" methods="0" coveredmethods="0"/>
        <line num="4" count="1" type="stmt"/>
      </file>
    </package>
  </project>
</coverage>
