{"/Users/sivasankar/Downloads/Namaste React/namaste react/src/components/Body.js": {"path":"/Users/sivasankar/Downloads/Namaste React/namaste react/src/components/Body.js","statementMap":{"0":{"start":{"line":9,"column":13},"end":{"line":99,"column":1}},"1":{"start":{"line":10,"column":46},"end":{"line":10,"column":58}},"2":{"start":{"line":11,"column":35},"end":{"line":11,"column":58}},"3":{"start":{"line":12,"column":38},"end":{"line":12,"column":50}},"4":{"start":{"line":13,"column":54},"end":{"line":13,"column":66}},"5":{"start":{"line":14,"column":31},"end":{"line":14,"column":64}},"6":{"start":{"line":15,"column":20},"end":{"line":25,"column":3}},"7":{"start":{"line":16,"column":17},"end":{"line":16,"column":67}},"8":{"start":{"line":17,"column":17},"end":{"line":17,"column":34}},"9":{"start":{"line":20,"column":6},"end":{"line":21,"column":27}},"10":{"start":{"line":23,"column":4},"end":{"line":23,"column":35}},"11":{"start":{"line":24,"column":4},"end":{"line":24,"column":39}},"12":{"start":{"line":27,"column":2},"end":{"line":29,"column":9}},"13":{"start":{"line":28,"column":4},"end":{"line":28,"column":16}},"14":{"start":{"line":32,"column":23},"end":{"line":32,"column":40}},"15":{"start":{"line":33,"column":2},"end":{"line":34,"column":76}},"16":{"start":{"line":34,"column":4},"end":{"line":34,"column":76}},"17":{"start":{"line":36,"column":2},"end":{"line":98,"column":4}},"18":{"start":{"line":47,"column":29},"end":{"line":47,"column":58}},"19":{"start":{"line":51,"column":31},"end":{"line":53,"column":15}},"20":{"start":{"line":52,"column":16},"end":{"line":52,"column":78}},"21":{"start":{"line":54,"column":14},"end":{"line":54,"column":46}},"22":{"start":{"line":65,"column":29},"end":{"line":67,"column":13}},"23":{"start":{"line":66,"column":23},"end":{"line":66,"column":47}},"24":{"start":{"line":68,"column":12},"end":{"line":68,"column":44}},"25":{"start":{"line":79,"column":28},"end":{"line":79,"column":55}},"26":{"start":{"line":86,"column":10},"end":{"line":94,"column":17}}},"fnMap":{"0":{"name":"(anonymous_0)","decl":{"start":{"line":9,"column":13},"end":{"line":9,"column":14}},"loc":{"start":{"line":9,"column":19},"end":{"line":99,"column":1}},"line":9},"1":{"name":"(anonymous_1)","decl":{"start":{"line":15,"column":20},"end":{"line":15,"column":21}},"loc":{"start":{"line":15,"column":32},"end":{"line":25,"column":3}},"line":15},"2":{"name":"(anonymous_2)","decl":{"start":{"line":27,"column":12},"end":{"line":27,"column":13}},"loc":{"start":{"line":27,"column":18},"end":{"line":29,"column":3}},"line":27},"3":{"name":"(anonymous_3)","decl":{"start":{"line":47,"column":22},"end":{"line":47,"column":23}},"loc":{"start":{"line":47,"column":29},"end":{"line":47,"column":58}},"line":47},"4":{"name":"(anonymous_4)","decl":{"start":{"line":50,"column":21},"end":{"line":50,"column":22}},"loc":{"start":{"line":50,"column":27},"end":{"line":55,"column":13}},"line":50},"5":{"name":"(anonymous_5)","decl":{"start":{"line":51,"column":53},"end":{"line":51,"column":54}},"loc":{"start":{"line":52,"column":16},"end":{"line":52,"column":78}},"line":52},"6":{"name":"(anonymous_6)","decl":{"start":{"line":64,"column":19},"end":{"line":64,"column":20}},"loc":{"start":{"line":64,"column":25},"end":{"line":69,"column":11}},"line":64},"7":{"name":"(anonymous_7)","decl":{"start":{"line":66,"column":14},"end":{"line":66,"column":15}},"loc":{"start":{"line":66,"column":23},"end":{"line":66,"column":47}},"line":66},"8":{"name":"(anonymous_8)","decl":{"start":{"line":79,"column":23},"end":{"line":79,"column":24}},"loc":{"start":{"line":79,"column":28},"end":{"line":79,"column":55}},"line":79},"9":{"name":"(anonymous_9)","decl":{"start":{"line":85,"column":32},"end":{"line":85,"column":33}},"loc":{"start":{"line":86,"column":10},"end":{"line":94,"column":17}},"line":86}},"branchMap":{"0":{"loc":{"start":{"line":20,"column":6},"end":{"line":21,"column":27}},"type":"binary-expr","locations":[{"start":{"line":20,"column":6},"end":{"line":21,"column":21}},{"start":{"line":21,"column":25},"end":{"line":21,"column":27}}],"line":20},"1":{"loc":{"start":{"line":33,"column":2},"end":{"line":34,"column":76}},"type":"if","locations":[{"start":{"line":33,"column":2},"end":{"line":34,"column":76}},{"start":{},"end":{}}],"line":33},"2":{"loc":{"start":{"line":36,"column":9},"end":{"line":98,"column":3}},"type":"cond-expr","locations":[{"start":{"line":37,"column":4},"end":{"line":37,"column":15}},{"start":{"line":39,"column":4},"end":{"line":97,"column":10}}],"line":36},"3":{"loc":{"start":{"line":91,"column":14},"end":{"line":91,"column":132}},"type":"cond-expr","locations":[{"start":{"line":91,"column":45},"end":{"line":91,"column":91}},{"start":{"line":91,"column":93},"end":{"line":91,"column":132}}],"line":91}},"s":{"0":1,"1":7,"2":7,"3":7,"4":7,"5":7,"6":7,"7":2,"8":2,"9":2,"10":2,"11":2,"12":7,"13":2,"14":7,"15":7,"16":0,"17":7,"18":1,"19":1,"20":9,"21":1,"22":1,"23":9,"24":1,"25":0,"26":31},"f":{"0":7,"1":2,"2":2,"3":1,"4":1,"5":9,"6":1,"7":9,"8":0,"9":31},"b":{"0":[2,0],"1":[0,7],"2":[2,5],"3":[12,19]},"_coverageSchema":"1a1c01bbd47fc00a2c39e90264f33305004495a9","hash":"53ad014adfcfd276e981adc4c0427f33922cff31"}
,"/Users/sivasankar/Downloads/Namaste React/namaste react/src/components/Contact.js": {"path":"/Users/sivasankar/Downloads/Namaste React/namaste react/src/components/Contact.js","statementMap":{"0":{"start":{"line":3,"column":16},"end":{"line":14,"column":1}},"1":{"start":{"line":4,"column":2},"end":{"line":13,"column":3}}},"fnMap":{"0":{"name":"(anonymous_0)","decl":{"start":{"line":3,"column":16},"end":{"line":3,"column":17}},"loc":{"start":{"line":3,"column":22},"end":{"line":14,"column":1}},"line":3}},"branchMap":{},"s":{"0":1,"1":4},"f":{"0":4},"b":{},"_coverageSchema":"1a1c01bbd47fc00a2c39e90264f33305004495a9","hash":"ef7663a67c27404a89439eeb414e1bad315d0523"}
,"/Users/sivasankar/Downloads/Namaste React/namaste react/src/components/Header.js": {"path":"/Users/sivasankar/Downloads/Namaste React/namaste react/src/components/Header.js","statementMap":{"0":{"start":{"line":7,"column":13},"end":{"line":36,"column":1}},"1":{"start":{"line":8,"column":41},"end":{"line":8,"column":58}},"2":{"start":{"line":9,"column":23},"end":{"line":9,"column":40}},"3":{"start":{"line":10,"column":25},"end":{"line":10,"column":48}},"4":{"start":{"line":11,"column":20},"end":{"line":11,"column":58}},"5":{"start":{"line":11,"column":41},"end":{"line":11,"column":57}},"6":{"start":{"line":12,"column":4},"end":{"line":12,"column":26}},"7":{"start":{"line":13,"column":4},"end":{"line":35,"column":6}},"8":{"start":{"line":30,"column":56},"end":{"line":30,"column":129}}},"fnMap":{"0":{"name":"(anonymous_0)","decl":{"start":{"line":7,"column":13},"end":{"line":7,"column":14}},"loc":{"start":{"line":7,"column":17},"end":{"line":36,"column":1}},"line":7},"1":{"name":"(anonymous_1)","decl":{"start":{"line":11,"column":32},"end":{"line":11,"column":33}},"loc":{"start":{"line":11,"column":41},"end":{"line":11,"column":57}},"line":11},"2":{"name":"(anonymous_2)","decl":{"start":{"line":30,"column":51},"end":{"line":30,"column":52}},"loc":{"start":{"line":30,"column":55},"end":{"line":30,"column":130}},"line":30}},"branchMap":{"0":{"loc":{"start":{"line":24,"column":52},"end":{"line":24,"column":74}},"type":"cond-expr","locations":[{"start":{"line":24,"column":66},"end":{"line":24,"column":69}},{"start":{"line":24,"column":70},"end":{"line":24,"column":74}}],"line":24},"1":{"loc":{"start":{"line":30,"column":56},"end":{"line":30,"column":129}},"type":"cond-expr","locations":[{"start":{"line":30,"column":79},"end":{"line":30,"column":104}},{"start":{"line":30,"column":105},"end":{"line":30,"column":129}}],"line":30}},"s":{"0":2,"1":6,"2":6,"3":6,"4":6,"5":11,"6":6,"7":6,"8":1},"f":{"0":6,"1":11,"2":1},"b":{"0":[6,0],"1":[1,0]},"_coverageSchema":"1a1c01bbd47fc00a2c39e90264f33305004495a9","hash":"89a0abde58cdabc7aa2c3aab058639b19a56b1d2"}
,"/Users/sivasankar/Downloads/Namaste React/namaste react/src/components/ItemList.jsx": {"path":"/Users/sivasankar/Downloads/Namaste React/namaste react/src/components/ItemList.jsx","statementMap":{"0":{"start":{"line":5,"column":17},"end":{"line":32,"column":1}},"1":{"start":{"line":6,"column":19},"end":{"line":6,"column":32}},"2":{"start":{"line":7,"column":24},"end":{"line":9,"column":5}},"3":{"start":{"line":8,"column":8},"end":{"line":8,"column":31}},"4":{"start":{"line":10,"column":2},"end":{"line":31,"column":3}},"5":{"start":{"line":13,"column":12},"end":{"line":28,"column":18}},"6":{"start":{"line":23,"column":102},"end":{"line":23,"column":121}}},"fnMap":{"0":{"name":"(anonymous_0)","decl":{"start":{"line":5,"column":17},"end":{"line":5,"column":18}},"loc":{"start":{"line":5,"column":30},"end":{"line":32,"column":1}},"line":5},"1":{"name":"(anonymous_1)","decl":{"start":{"line":7,"column":24},"end":{"line":7,"column":25}},"loc":{"start":{"line":7,"column":32},"end":{"line":9,"column":5}},"line":7},"2":{"name":"(anonymous_2)","decl":{"start":{"line":12,"column":19},"end":{"line":12,"column":20}},"loc":{"start":{"line":13,"column":12},"end":{"line":28,"column":18}},"line":13},"3":{"name":"(anonymous_3)","decl":{"start":{"line":23,"column":98},"end":{"line":23,"column":99}},"loc":{"start":{"line":23,"column":102},"end":{"line":23,"column":121}},"line":23}},"branchMap":{},"s":{"0":1,"1":0,"2":0,"3":0,"4":0,"5":0,"6":0},"f":{"0":0,"1":0,"2":0,"3":0},"b":{},"_coverageSchema":"1a1c01bbd47fc00a2c39e90264f33305004495a9","hash":"0c2253426903ee27ce0ed4c50679133946028237"}
,"/Users/sivasankar/Downloads/Namaste React/namaste react/src/components/RestaurantCard.js": {"path":"/Users/sivasankar/Downloads/Namaste React/namaste react/src/components/RestaurantCard.js","statementMap":{"0":{"start":{"line":2,"column":21},"end":{"line":22,"column":1}},"1":{"start":{"line":4,"column":20},"end":{"line":4,"column":25}},"2":{"start":{"line":5,"column":65},"end":{"line":5,"column":78}},"3":{"start":{"line":6,"column":25},"end":{"line":6,"column":43}},"4":{"start":{"line":8,"column":4},"end":{"line":21,"column":6}},"5":{"start":{"line":23,"column":31},"end":{"line":32,"column":1}},"6":{"start":{"line":24,"column":4},"end":{"line":31,"column":5}},"7":{"start":{"line":25,"column":8},"end":{"line":30,"column":9}}},"fnMap":{"0":{"name":"(anonymous_0)","decl":{"start":{"line":2,"column":21},"end":{"line":2,"column":22}},"loc":{"start":{"line":2,"column":30},"end":{"line":22,"column":1}},"line":2},"1":{"name":"(anonymous_1)","decl":{"start":{"line":23,"column":31},"end":{"line":23,"column":32}},"loc":{"start":{"line":23,"column":49},"end":{"line":32,"column":1}},"line":23},"2":{"name":"(anonymous_2)","decl":{"start":{"line":24,"column":11},"end":{"line":24,"column":12}},"loc":{"start":{"line":24,"column":20},"end":{"line":31,"column":5}},"line":24}},"branchMap":{},"s":{"0":2,"1":32,"2":32,"3":32,"4":32,"5":2,"6":7,"7":12},"f":{"0":32,"1":7,"2":12},"b":{},"_coverageSchema":"1a1c01bbd47fc00a2c39e90264f33305004495a9","hash":"0c06cfdc5b0d481c72b697dadb7e2ca2a74528c2"}
,"/Users/sivasankar/Downloads/Namaste React/namaste react/src/components/RestaurantCatagory.jsx": {"path":"/Users/sivasankar/Downloads/Namaste React/namaste react/src/components/RestaurantCatagory.jsx","statementMap":{"0":{"start":{"line":4,"column":27},"end":{"line":21,"column":1}},"1":{"start":{"line":6,"column":22},"end":{"line":8,"column":5}},"2":{"start":{"line":7,"column":5},"end":{"line":7,"column":20}},"3":{"start":{"line":9,"column":2},"end":{"line":20,"column":3}}},"fnMap":{"0":{"name":"(anonymous_0)","decl":{"start":{"line":4,"column":27},"end":{"line":4,"column":28}},"loc":{"start":{"line":4,"column":62},"end":{"line":21,"column":1}},"line":4},"1":{"name":"(anonymous_1)","decl":{"start":{"line":6,"column":22},"end":{"line":6,"column":23}},"loc":{"start":{"line":6,"column":26},"end":{"line":8,"column":5}},"line":6}},"branchMap":{"0":{"loc":{"start":{"line":16,"column":9},"end":{"line":16,"column":56}},"type":"binary-expr","locations":[{"start":{"line":16,"column":9},"end":{"line":16,"column":18}},{"start":{"line":16,"column":22},"end":{"line":16,"column":56}}],"line":16}},"s":{"0":1,"1":0,"2":0,"3":0},"f":{"0":0,"1":0},"b":{"0":[0,0]},"_coverageSchema":"1a1c01bbd47fc00a2c39e90264f33305004495a9","hash":"6e98db2a431318cdc389689d7bb11d952f135e8f"}
,"/Users/sivasankar/Downloads/Namaste React/namaste react/src/components/RestaurantMenu.js": {"path":"/Users/sivasankar/Downloads/Namaste React/namaste react/src/components/RestaurantMenu.js","statementMap":{"0":{"start":{"line":7,"column":23},"end":{"line":31,"column":1}},"1":{"start":{"line":9,"column":22},"end":{"line":9,"column":33}},"2":{"start":{"line":10,"column":4},"end":{"line":10,"column":22}},"3":{"start":{"line":11,"column":34},"end":{"line":11,"column":48}},"4":{"start":{"line":12,"column":17},"end":{"line":12,"column":41}},"5":{"start":{"line":13,"column":4},"end":{"line":13,"column":39}},"6":{"start":{"line":13,"column":22},"end":{"line":13,"column":39}},"7":{"start":{"line":15,"column":44},"end":{"line":15,"column":81}},"8":{"start":{"line":16,"column":22},"end":{"line":16,"column":100}},"9":{"start":{"line":17,"column":21},"end":{"line":17,"column":182}},"10":{"start":{"line":17,"column":93},"end":{"line":17,"column":181}},"11":{"start":{"line":19,"column":2},"end":{"line":30,"column":3}},"12":{"start":{"line":23,"column":42},"end":{"line":28,"column":10}},"13":{"start":{"line":27,"column":26},"end":{"line":27,"column":45}}},"fnMap":{"0":{"name":"(anonymous_0)","decl":{"start":{"line":7,"column":23},"end":{"line":7,"column":24}},"loc":{"start":{"line":7,"column":29},"end":{"line":31,"column":1}},"line":7},"1":{"name":"(anonymous_1)","decl":{"start":{"line":17,"column":90},"end":{"line":17,"column":91}},"loc":{"start":{"line":17,"column":93},"end":{"line":17,"column":181}},"line":17},"2":{"name":"(anonymous_2)","decl":{"start":{"line":23,"column":24},"end":{"line":23,"column":25}},"loc":{"start":{"line":23,"column":42},"end":{"line":28,"column":10}},"line":23},"3":{"name":"(anonymous_3)","decl":{"start":{"line":27,"column":22},"end":{"line":27,"column":23}},"loc":{"start":{"line":27,"column":26},"end":{"line":27,"column":45}},"line":27}},"branchMap":{"0":{"loc":{"start":{"line":13,"column":4},"end":{"line":13,"column":39}},"type":"if","locations":[{"start":{"line":13,"column":4},"end":{"line":13,"column":39}},{"start":{},"end":{}}],"line":13},"1":{"loc":{"start":{"line":26,"column":19},"end":{"line":26,"column":47}},"type":"cond-expr","locations":[{"start":{"line":26,"column":37},"end":{"line":26,"column":41}},{"start":{"line":26,"column":42},"end":{"line":26,"column":47}}],"line":26}},"s":{"0":1,"1":1,"2":1,"3":1,"4":1,"5":1,"6":1,"7":0,"8":0,"9":0,"10":0,"11":0,"12":0,"13":0},"f":{"0":1,"1":0,"2":0,"3":0},"b":{"0":[1,0],"1":[0,0]},"_coverageSchema":"1a1c01bbd47fc00a2c39e90264f33305004495a9","hash":"5f54b37f33b65357dfbc5d382ba49a5878eb1820"}
,"/Users/sivasankar/Downloads/Namaste React/namaste react/src/components/Shimmer.js": {"path":"/Users/sivasankar/Downloads/Namaste React/namaste react/src/components/Shimmer.js","statementMap":{"0":{"start":{"line":3,"column":16},"end":{"line":16,"column":1}},"1":{"start":{"line":4,"column":2},"end":{"line":15,"column":3}}},"fnMap":{"0":{"name":"(anonymous_0)","decl":{"start":{"line":3,"column":16},"end":{"line":3,"column":17}},"loc":{"start":{"line":3,"column":22},"end":{"line":16,"column":1}},"line":3}},"branchMap":{},"s":{"0":2,"1":3},"f":{"0":3},"b":{},"_coverageSchema":"1a1c01bbd47fc00a2c39e90264f33305004495a9","hash":"8ef6f8e6e9e21456a1931682f38e9c4cf631523a"}
,"/Users/sivasankar/Downloads/Namaste React/namaste react/src/components/sum.js": {"path":"/Users/sivasankar/Downloads/Namaste React/namaste react/src/components/sum.js","statementMap":{"0":{"start":{"line":1,"column":17},"end":{"line":3,"column":1}},"1":{"start":{"line":2,"column":4},"end":{"line":2,"column":15}}},"fnMap":{"0":{"name":"(anonymous_0)","decl":{"start":{"line":1,"column":17},"end":{"line":1,"column":18}},"loc":{"start":{"line":1,"column":24},"end":{"line":3,"column":1}},"line":1}},"branchMap":{},"s":{"0":1,"1":1},"f":{"0":1},"b":{},"_coverageSchema":"1a1c01bbd47fc00a2c39e90264f33305004495a9","hash":"a7841605ac97ad40b88115a5f1e490c7512ac489"}
,"/Users/sivasankar/Downloads/Namaste React/namaste react/src/utils/UserContext.js": {"path":"/Users/sivasankar/Downloads/Namaste React/namaste react/src/utils/UserContext.js","statementMap":{"0":{"start":{"line":4,"column":18},"end":{"line":6,"column":2}}},"fnMap":{},"branchMap":{},"s":{"0":3},"f":{},"b":{},"_coverageSchema":"1a1c01bbd47fc00a2c39e90264f33305004495a9","hash":"474c0a68b7b837effee2f6b69b968579b76c9faf"}
,"/Users/sivasankar/Downloads/Namaste React/namaste react/src/utils/appStore.js": {"path":"/Users/sivasankar/Downloads/Namaste React/namaste react/src/utils/appStore.js","statementMap":{"0":{"start":{"line":4,"column":15},"end":{"line":9,"column":2}}},"fnMap":{},"branchMap":{},"s":{"0":2},"f":{},"b":{},"_coverageSchema":"1a1c01bbd47fc00a2c39e90264f33305004495a9","hash":"86e16bff464feebcddeb48087a08344964c35157"}
,"/Users/sivasankar/Downloads/Namaste React/namaste react/src/utils/cardSlice.js": {"path":"/Users/sivasankar/Downloads/Namaste React/namaste react/src/utils/cardSlice.js","statementMap":{"0":{"start":{"line":3,"column":16},"end":{"line":20,"column":2}},"1":{"start":{"line":10,"column":12},"end":{"line":10,"column":45}},"2":{"start":{"line":13,"column":12},"end":{"line":13,"column":30}},"3":{"start":{"line":16,"column":12},"end":{"line":16,"column":33}},"4":{"start":{"line":21,"column":44},"end":{"line":21,"column":61}}},"fnMap":{"0":{"name":"(anonymous_0)","decl":{"start":{"line":9,"column":16},"end":{"line":9,"column":17}},"loc":{"start":{"line":9,"column":32},"end":{"line":11,"column":9}},"line":9},"1":{"name":"(anonymous_1)","decl":{"start":{"line":12,"column":19},"end":{"line":12,"column":20}},"loc":{"start":{"line":12,"column":35},"end":{"line":14,"column":9}},"line":12},"2":{"name":"(anonymous_2)","decl":{"start":{"line":15,"column":18},"end":{"line":15,"column":19}},"loc":{"start":{"line":15,"column":27},"end":{"line":17,"column":9}},"line":15}},"branchMap":{},"s":{"0":2,"1":0,"2":0,"3":0,"4":2},"f":{"0":0,"1":0,"2":0},"b":{},"_coverageSchema":"1a1c01bbd47fc00a2c39e90264f33305004495a9","hash":"d23a9b73ffe6d94e644a80e32426e6640444957b"}
,"/Users/sivasankar/Downloads/Namaste React/namaste react/src/utils/constants.js": {"path":"/Users/sivasankar/Downloads/Namaste React/namaste react/src/utils/constants.js","statementMap":{"0":{"start":{"line":1,"column":21},"end":{"line":1,"column":104}},"1":{"start":{"line":2,"column":22},"end":{"line":2,"column":119}},"2":{"start":{"line":3,"column":28},"end":{"line":3,"column":75}},"3":{"start":{"line":4,"column":22},"end":{"line":4,"column":145}}},"fnMap":{},"branchMap":{},"s":{"0":4,"1":4,"2":4,"3":4},"f":{},"b":{},"_coverageSchema":"1a1c01bbd47fc00a2c39e90264f33305004495a9","hash":"3336ed5fd374c8a651c0b38ef8b440b28d935995"}
,"/Users/sivasankar/Downloads/Namaste React/namaste react/src/utils/useOnlineStatus.js": {"path":"/Users/sivasankar/Downloads/Namaste React/namaste react/src/utils/useOnlineStatus.js","statementMap":{"0":{"start":{"line":3,"column":24},"end":{"line":15,"column":1}},"1":{"start":{"line":4,"column":41},"end":{"line":4,"column":55}},"2":{"start":{"line":5,"column":4},"end":{"line":12,"column":9}},"3":{"start":{"line":6,"column":8},"end":{"line":8,"column":10}},"4":{"start":{"line":7,"column":12},"end":{"line":7,"column":35}},"5":{"start":{"line":9,"column":8},"end":{"line":11,"column":10}},"6":{"start":{"line":10,"column":12},"end":{"line":10,"column":34}},"7":{"start":{"line":13,"column":2},"end":{"line":13,"column":22}}},"fnMap":{"0":{"name":"(anonymous_0)","decl":{"start":{"line":3,"column":24},"end":{"line":3,"column":25}},"loc":{"start":{"line":3,"column":30},"end":{"line":15,"column":1}},"line":3},"1":{"name":"(anonymous_1)","decl":{"start":{"line":5,"column":14},"end":{"line":5,"column":15}},"loc":{"start":{"line":5,"column":18},"end":{"line":12,"column":5}},"line":5},"2":{"name":"(anonymous_2)","decl":{"start":{"line":6,"column":42},"end":{"line":6,"column":43}},"loc":{"start":{"line":6,"column":46},"end":{"line":8,"column":9}},"line":6},"3":{"name":"(anonymous_3)","decl":{"start":{"line":9,"column":41},"end":{"line":9,"column":42}},"loc":{"start":{"line":9,"column":45},"end":{"line":11,"column":9}},"line":9}},"branchMap":{},"s":{"0":3,"1":13,"2":13,"3":7,"4":0,"5":7,"6":0,"7":13},"f":{"0":13,"1":7,"2":0,"3":0},"b":{},"_coverageSchema":"1a1c01bbd47fc00a2c39e90264f33305004495a9","hash":"ec11e61a849494e551c32b42061af561af8675a3"}
,"/Users/sivasankar/Downloads/Namaste React/namaste react/src/utils/useRestaurantMenu.js": {"path":"/Users/sivasankar/Downloads/Namaste React/namaste react/src/utils/useRestaurantMenu.js","statementMap":{"0":{"start":{"line":4,"column":26},"end":{"line":33,"column":1}},"1":{"start":{"line":5,"column":32},"end":{"line":5,"column":46}},"2":{"start":{"line":7,"column":2},"end":{"line":11,"column":14}},"3":{"start":{"line":8,"column":4},"end":{"line":10,"column":5}},"4":{"start":{"line":9,"column":6},"end":{"line":9,"column":18}},"5":{"start":{"line":13,"column":20},"end":{"line":30,"column":3}},"6":{"start":{"line":14,"column":4},"end":{"line":29,"column":5}},"7":{"start":{"line":15,"column":6},"end":{"line":15,"column":35}},"8":{"start":{"line":17,"column":19},"end":{"line":17,"column":48}},"9":{"start":{"line":18,"column":6},"end":{"line":21,"column":7}},"10":{"start":{"line":19,"column":8},"end":{"line":19,"column":49}},"11":{"start":{"line":20,"column":8},"end":{"line":20,"column":15}},"12":{"start":{"line":23,"column":19},"end":{"line":23,"column":36}},"13":{"start":{"line":26,"column":6},"end":{"line":26,"column":37}},"14":{"start":{"line":28,"column":6},"end":{"line":28,"column":50}},"15":{"start":{"line":32,"column":2},"end":{"line":32,"column":17}}},"fnMap":{"0":{"name":"(anonymous_0)","decl":{"start":{"line":4,"column":26},"end":{"line":4,"column":27}},"loc":{"start":{"line":4,"column":37},"end":{"line":33,"column":1}},"line":4},"1":{"name":"(anonymous_1)","decl":{"start":{"line":7,"column":12},"end":{"line":7,"column":13}},"loc":{"start":{"line":7,"column":18},"end":{"line":11,"column":3}},"line":7},"2":{"name":"(anonymous_2)","decl":{"start":{"line":13,"column":20},"end":{"line":13,"column":21}},"loc":{"start":{"line":13,"column":32},"end":{"line":30,"column":3}},"line":13}},"branchMap":{"0":{"loc":{"start":{"line":8,"column":4},"end":{"line":10,"column":5}},"type":"if","locations":[{"start":{"line":8,"column":4},"end":{"line":10,"column":5}},{"start":{},"end":{}}],"line":8},"1":{"loc":{"start":{"line":18,"column":6},"end":{"line":21,"column":7}},"type":"if","locations":[{"start":{"line":18,"column":6},"end":{"line":21,"column":7}},{"start":{},"end":{}}],"line":18},"2":{"loc":{"start":{"line":26,"column":17},"end":{"line":26,"column":35}},"type":"binary-expr","locations":[{"start":{"line":26,"column":17},"end":{"line":26,"column":27}},{"start":{"line":26,"column":31},"end":{"line":26,"column":35}}],"line":26}},"s":{"0":1,"1":1,"2":1,"3":1,"4":0,"5":1,"6":0,"7":0,"8":0,"9":0,"10":0,"11":0,"12":0,"13":0,"14":0,"15":1},"f":{"0":1,"1":1,"2":0},"b":{"0":[0,1],"1":[0,0],"2":[0,0]},"_coverageSchema":"1a1c01bbd47fc00a2c39e90264f33305004495a9","hash":"3ec0d88a41fd0b18c81a0055c289d27cd6d331fd"}
}
