{"/Users/sivasankar/Downloads/Namaste React/namaste react/src/components/Header.js": {"path":"/Users/sivasankar/Downloads/Namaste React/namaste react/src/components/Header.js","statementMap":{"0":{"start":{"line":7,"column":13},"end":{"line":36,"column":1}},"1":{"start":{"line":8,"column":41},"end":{"line":8,"column":58}},"2":{"start":{"line":9,"column":23},"end":{"line":9,"column":40}},"3":{"start":{"line":10,"column":25},"end":{"line":10,"column":48}},"4":{"start":{"line":11,"column":20},"end":{"line":11,"column":58}},"5":{"start":{"line":11,"column":41},"end":{"line":11,"column":57}},"6":{"start":{"line":12,"column":4},"end":{"line":12,"column":26}},"7":{"start":{"line":13,"column":4},"end":{"line":35,"column":6}},"8":{"start":{"line":30,"column":56},"end":{"line":30,"column":129}}},"fnMap":{"0":{"name":"(anonymous_0)","decl":{"start":{"line":7,"column":13},"end":{"line":7,"column":14}},"loc":{"start":{"line":7,"column":17},"end":{"line":36,"column":1}},"line":7},"1":{"name":"(anonymous_1)","decl":{"start":{"line":11,"column":32},"end":{"line":11,"column":33}},"loc":{"start":{"line":11,"column":41},"end":{"line":11,"column":57}},"line":11},"2":{"name":"(anonymous_2)","decl":{"start":{"line":30,"column":51},"end":{"line":30,"column":52}},"loc":{"start":{"line":30,"column":55},"end":{"line":30,"column":130}},"line":30}},"branchMap":{"0":{"loc":{"start":{"line":24,"column":52},"end":{"line":24,"column":74}},"type":"cond-expr","locations":[{"start":{"line":24,"column":66},"end":{"line":24,"column":69}},{"start":{"line":24,"column":70},"end":{"line":24,"column":74}}],"line":24},"1":{"loc":{"start":{"line":30,"column":56},"end":{"line":30,"column":129}},"type":"cond-expr","locations":[{"start":{"line":30,"column":79},"end":{"line":30,"column":104}},{"start":{"line":30,"column":105},"end":{"line":30,"column":129}}],"line":30}},"s":{"0":1,"1":1,"2":1,"3":1,"4":1,"5":2,"6":1,"7":1,"8":0},"f":{"0":1,"1":2,"2":0},"b":{"0":[1,0],"1":[0,0]},"_coverageSchema":"1a1c01bbd47fc00a2c39e90264f33305004495a9","hash":"89a0abde58cdabc7aa2c3aab058639b19a56b1d2"}
,"/Users/sivasankar/Downloads/Namaste React/namaste react/src/components/RestaurantMenu.js": {"path":"/Users/sivasankar/Downloads/Namaste React/namaste react/src/components/RestaurantMenu.js","statementMap":{"0":{"start":{"line":7,"column":23},"end":{"line":31,"column":1}},"1":{"start":{"line":9,"column":22},"end":{"line":9,"column":33}},"2":{"start":{"line":10,"column":4},"end":{"line":10,"column":22}},"3":{"start":{"line":11,"column":34},"end":{"line":11,"column":48}},"4":{"start":{"line":12,"column":17},"end":{"line":12,"column":41}},"5":{"start":{"line":13,"column":4},"end":{"line":13,"column":39}},"6":{"start":{"line":13,"column":22},"end":{"line":13,"column":39}},"7":{"start":{"line":15,"column":44},"end":{"line":15,"column":81}},"8":{"start":{"line":16,"column":22},"end":{"line":16,"column":100}},"9":{"start":{"line":17,"column":21},"end":{"line":17,"column":182}},"10":{"start":{"line":17,"column":93},"end":{"line":17,"column":181}},"11":{"start":{"line":19,"column":2},"end":{"line":30,"column":3}},"12":{"start":{"line":23,"column":42},"end":{"line":28,"column":10}},"13":{"start":{"line":27,"column":26},"end":{"line":27,"column":45}}},"fnMap":{"0":{"name":"(anonymous_0)","decl":{"start":{"line":7,"column":23},"end":{"line":7,"column":24}},"loc":{"start":{"line":7,"column":29},"end":{"line":31,"column":1}},"line":7},"1":{"name":"(anonymous_1)","decl":{"start":{"line":17,"column":90},"end":{"line":17,"column":91}},"loc":{"start":{"line":17,"column":93},"end":{"line":17,"column":181}},"line":17},"2":{"name":"(anonymous_2)","decl":{"start":{"line":23,"column":24},"end":{"line":23,"column":25}},"loc":{"start":{"line":23,"column":42},"end":{"line":28,"column":10}},"line":23},"3":{"name":"(anonymous_3)","decl":{"start":{"line":27,"column":22},"end":{"line":27,"column":23}},"loc":{"start":{"line":27,"column":26},"end":{"line":27,"column":45}},"line":27}},"branchMap":{"0":{"loc":{"start":{"line":13,"column":4},"end":{"line":13,"column":39}},"type":"if","locations":[{"start":{"line":13,"column":4},"end":{"line":13,"column":39}},{"start":{},"end":{}}],"line":13},"1":{"loc":{"start":{"line":26,"column":19},"end":{"line":26,"column":47}},"type":"cond-expr","locations":[{"start":{"line":26,"column":37},"end":{"line":26,"column":41}},{"start":{"line":26,"column":42},"end":{"line":26,"column":47}}],"line":26}},"s":{"0":1,"1":1,"2":1,"3":1,"4":1,"5":1,"6":1,"7":0,"8":0,"9":0,"10":0,"11":0,"12":0,"13":0},"f":{"0":1,"1":0,"2":0,"3":0},"b":{"0":[1,0],"1":[0,0]},"_coverageSchema":"1a1c01bbd47fc00a2c39e90264f33305004495a9","hash":"5f54b37f33b65357dfbc5d382ba49a5878eb1820"}
,"/Users/sivasankar/Downloads/Namaste React/namaste react/src/utils/appStore.js": {"path":"/Users/sivasankar/Downloads/Namaste React/namaste react/src/utils/appStore.js","statementMap":{"0":{"start":{"line":4,"column":15},"end":{"line":9,"column":2}}},"fnMap":{},"branchMap":{},"s":{"0":1},"f":{},"b":{},"_coverageSchema":"1a1c01bbd47fc00a2c39e90264f33305004495a9","hash":"86e16bff464feebcddeb48087a08344964c35157"}
}
